This is pdfTeX, Version 3.14159265-2.6-1.40.16 (TeX Live 2015/Debian) (preloaded format=pdflatex 2017.9.14)  16 APR 2018 21:23
entering extended mode
 restricted \write18 enabled.
 %&-line parsing enabled.
**MSE_MAR_18
(./MSE_MAR_18.tex
LaTeX2e <2016/02/01>
Babel <3.9q> and hyphenation patterns for 81 language(s) loaded.
(./ouparticle.cls
Document Class: ouparticle 2009/12/09 v1.0
(/usr/share/texlive/texmf-dist/tex/latex/base/article.cls
Document Class: article 2014/09/29 v1.4h Standard LaTeX document class
(/usr/share/texlive/texmf-dist/tex/latex/base/size12.clo
File: size12.clo 2014/09/29 v1.4h Standard LaTeX file (size option)
)
\c@part=\count79
\c@section=\count80
\c@subsection=\count81
\c@subsubsection=\count82
\c@paragraph=\count83
\c@subparagraph=\count84
\c@figure=\count85
\c@table=\count86
\abovecaptionskip=\skip41
\belowcaptionskip=\skip42
\bibindent=\dimen102
)
(/usr/share/texlive/texmf-dist/tex/latex/amsmath/amsmath.sty
Package: amsmath 2016/03/03 v2.15a AMS math features
\@mathmargin=\skip43

For additional information on amsmath, use the `?' option.
(/usr/share/texlive/texmf-dist/tex/latex/amsmath/amstext.sty
Package: amstext 2000/06/29 v2.01 AMS text

(/usr/share/texlive/texmf-dist/tex/latex/amsmath/amsgen.sty
File: amsgen.sty 1999/11/30 v2.0 generic functions
\@emptytoks=\toks14
\ex@=\dimen103
))
(/usr/share/texlive/texmf-dist/tex/latex/amsmath/amsbsy.sty
Package: amsbsy 1999/11/29 v1.2d Bold Symbols
\pmbraise@=\dimen104
)
(/usr/share/texlive/texmf-dist/tex/latex/amsmath/amsopn.sty
Package: amsopn 1999/12/14 v2.01 operator names
)
\inf@bad=\count87
LaTeX Info: Redefining \frac on input line 199.
\uproot@=\count88
\leftroot@=\count89
LaTeX Info: Redefining \overline on input line 297.
\classnum@=\count90
\DOTSCASE@=\count91
LaTeX Info: Redefining \ldots on input line 394.
LaTeX Info: Redefining \dots on input line 397.
LaTeX Info: Redefining \cdots on input line 518.
\Mathstrutbox@=\box26
\strutbox@=\box27
\big@size=\dimen105
LaTeX Font Info:    Redeclaring font encoding OML on input line 630.
LaTeX Font Info:    Redeclaring font encoding OMS on input line 631.
\macc@depth=\count92
\c@MaxMatrixCols=\count93
\dotsspace@=\muskip10
\c@parentequation=\count94
\dspbrk@lvl=\count95
\tag@help=\toks15
\row@=\count96
\column@=\count97
\maxfields@=\count98
\andhelp@=\toks16
\eqnshift@=\dimen106
\alignsep@=\dimen107
\tagshift@=\dimen108
\tagwidth@=\dimen109
\totwidth@=\dimen110
\lineht@=\dimen111
\@envbody=\toks17
\multlinegap=\skip44
\multlinetaggap=\skip45
\mathdisplay@stack=\toks18
LaTeX Info: Redefining \[ on input line 2735.
LaTeX Info: Redefining \] on input line 2736.
)
(/usr/share/texlive/texmf-dist/tex/latex/amsfonts/amssymb.sty
Package: amssymb 2013/01/14 v3.01 AMS font symbols

(/usr/share/texlive/texmf-dist/tex/latex/amsfonts/amsfonts.sty
Package: amsfonts 2013/01/14 v3.01 Basic AMSFonts support
\symAMSa=\mathgroup4
\symAMSb=\mathgroup5
LaTeX Font Info:    Overwriting math alphabet `\mathfrak' in version `bold'
(Font)                  U/euf/m/n --> U/euf/b/n on input line 106.
))
(/usr/share/texlive/texmf-dist/tex/latex/tools/verbatim.sty
Package: verbatim 2014/10/28 v1.5q LaTeX2e package for verbatim enhancements
\every@verbatim=\toks19
\verbatim@line=\toks20
\verbatim@in@stream=\read1
)
(/usr/share/texlive/texmf-dist/tex/latex/graphics/graphicx.sty
Package: graphicx 2014/10/28 v1.0g Enhanced LaTeX Graphics (DPC,SPQR)

(/usr/share/texlive/texmf-dist/tex/latex/graphics/keyval.sty
Package: keyval 2014/10/28 v1.15 key=value parser (DPC)
\KV@toks@=\toks21
)
(/usr/share/texlive/texmf-dist/tex/latex/graphics/graphics.sty
Package: graphics 2016/01/03 v1.0q Standard LaTeX Graphics (DPC,SPQR)

(/usr/share/texlive/texmf-dist/tex/latex/graphics/trig.sty
Package: trig 2016/01/03 v1.10 sin cos tan (DPC)
)
(/usr/share/texlive/texmf-dist/tex/latex/latexconfig/graphics.cfg
File: graphics.cfg 2010/04/23 v1.9 graphics configuration of TeX Live
)
Package graphics Info: Driver file: pdftex.def on input line 95.

(/usr/share/texlive/texmf-dist/tex/latex/pdftex-def/pdftex.def
File: pdftex.def 2011/05/27 v0.06d Graphics/color for pdfTeX

(/usr/share/texlive/texmf-dist/tex/generic/oberdiek/infwarerr.sty
Package: infwarerr 2010/04/08 v1.3 Providing info/warning/error messages (HO)
)
(/usr/share/texlive/texmf-dist/tex/generic/oberdiek/ltxcmds.sty
Package: ltxcmds 2011/11/09 v1.22 LaTeX kernel commands for general use (HO)
)
\Gread@gobject=\count99
))
\Gin@req@height=\dimen112
\Gin@req@width=\dimen113
)
(/usr/share/texlive/texmf-dist/tex/latex/setspace/setspace.sty
Package: setspace 2011/12/19 v6.7a set line spacing
)
(/usr/share/texlive/texmf-dist/tex/latex/endnotes/endnotes.sty
\c@endnote=\count100
\endnotesep=\dimen114
\@enotes=\write3
)
(/usr/share/texlive/texmf-dist/tex/latex/geometry/geometry.sty
Package: geometry 2010/09/12 v5.6 Page Geometry

(/usr/share/texlive/texmf-dist/tex/generic/oberdiek/ifpdf.sty
Package: ifpdf 2011/01/30 v2.3 Provides the ifpdf switch (HO)
Package ifpdf Info: pdfTeX in PDF mode is detected.
)
(/usr/share/texlive/texmf-dist/tex/generic/oberdiek/ifvtex.sty
Package: ifvtex 2010/03/01 v1.5 Detect VTeX and its facilities (HO)
Package ifvtex Info: VTeX not detected.
)
(/usr/share/texlive/texmf-dist/tex/generic/ifxetex/ifxetex.sty
Package: ifxetex 2010/09/12 v0.6 Provides ifxetex conditional
)
\Gm@cnth=\count101
\Gm@cntv=\count102
\c@Gm@tempcnt=\count103
\Gm@bindingoffset=\dimen115
\Gm@wd@mp=\dimen116
\Gm@odd@mp=\dimen117
\Gm@even@mp=\dimen118
\Gm@layoutwidth=\dimen119
\Gm@layoutheight=\dimen120
\Gm@layouthoffset=\dimen121
\Gm@layoutvoffset=\dimen122
\Gm@dimlist=\toks22
)
(/usr/share/texlive/texmf-dist/tex/latex/tools/xspace.sty
Package: xspace 2014/10/28 v1.13 Space after command names (DPC,MH)
)
(/usr/share/texlive/texmf-dist/tex/latex/amsmath/amscd.sty
Package: amscd 1999/11/29 v2.0 AMS Commutatitive Diagrams
\athelp@=\toks23
\minaw@=\dimen123
\bigaw@=\dimen124
\minCDarrowwidth=\dimen125
)
(/usr/share/texlive/texmf-dist/tex/latex/rotating/rotating.sty
Package: rotating 2009/03/28 v2.16a rotated objects in LaTeX

(/usr/share/texlive/texmf-dist/tex/latex/base/ifthen.sty
Package: ifthen 2014/09/29 v1.1c Standard LaTeX ifthen package (DPC)
)
\c@r@tfl@t=\count104
\rotFPtop=\skip46
\rotFPbot=\skip47
\rot@float@box=\box28
\rot@mess@toks=\toks24
)
(/usr/share/texlive/texmf-dist/tex/latex/base/latexsym.sty
Package: latexsym 1998/08/17 v2.2e Standard LaTeX package (lasy symbols)
\symlasy=\mathgroup6
LaTeX Font Info:    Overwriting symbol font `lasy' in version `bold'
(Font)                  U/lasy/m/n --> U/lasy/b/n on input line 52.
)
(/usr/share/texlive/texmf-dist/tex/latex/tools/multicol.sty
Package: multicol 2015/08/19 v1.8n multicolumn formatting (FMi)
\c@tracingmulticols=\count105
\mult@box=\box29
\multicol@leftmargin=\dimen126
\c@unbalance=\count106
\c@collectmore=\count107
\doublecol@number=\count108
\multicoltolerance=\count109
\multicolpretolerance=\count110
\full@width=\dimen127
\page@free=\dimen128
\premulticols=\dimen129
\postmulticols=\dimen130
\multicolsep=\skip48
\multicolbaselineskip=\skip49
\partial@page=\box30
\last@line=\box31
\maxbalancingoverflow=\dimen131
\mult@rightbox=\box32
\mult@grightbox=\box33
\mult@gfirstbox=\box34
\mult@firstbox=\box35
\@tempa=\box36
\@tempa=\box37
\@tempa=\box38
\@tempa=\box39
\@tempa=\box40
\@tempa=\box41
\@tempa=\box42
\@tempa=\box43
\@tempa=\box44
\@tempa=\box45
\@tempa=\box46
\@tempa=\box47
\@tempa=\box48
\@tempa=\box49
\@tempa=\box50
\@tempa=\box51
\@tempa=\box52
\c@columnbadness=\count111
\c@finalcolumnbadness=\count112
\last@try=\dimen132
\multicolovershoot=\dimen133
\multicolundershoot=\dimen134
\mult@nat@firstbox=\box53
\colbreak@box=\box54
\mc@col@check@num=\count113
)
(/usr/share/texlive/texmf-dist/tex/latex/tools/array.sty
Package: array 2014/10/28 v2.4c Tabular extension package (FMi)
\col@sep=\dimen135
\extrarowheight=\dimen136
\NC@list=\toks25
\extratabsurround=\skip50
\backup@length=\skip51
)
(/usr/share/texlive/texmf-dist/tex/latex/algorithms/algorithm.sty
Package: algorithm 2009/08/24 v0.1 Document Style `algorithm' - floating enviro
nment

(/usr/share/texlive/texmf-dist/tex/latex/float/float.sty
Package: float 2001/11/08 v1.3d Float enhancements (AL)
\c@float@type=\count114
\float@exts=\toks26
\float@box=\box55
\@float@everytoks=\toks27
\@floatcapt=\box56
)
\@float@every@algorithm=\toks28
\c@algorithm=\count115
)
(/usr/share/texlive/texmf-dist/tex/latex/subfigure/subfigure.sty
Package: subfigure 2002/03/15 v2.1.5 subfigure package
\subfigtopskip=\skip52
\subfigcapskip=\skip53
\subfigcaptopadj=\dimen137
\subfigbottomskip=\skip54
\subfigcapmargin=\dimen138
\subfiglabelskip=\skip55
\c@subfigure=\count116
\c@lofdepth=\count117
\c@subtable=\count118
\c@lotdepth=\count119

****************************************
* Local config file subfigure.cfg used *
****************************************
(/usr/share/texlive/texmf-dist/tex/latex/subfigure/subfigure.cfg)
\subfig@top=\skip56
\subfig@bottom=\skip57
)
(/usr/share/texlive/texmf-dist/tex/latex/url/url.sty
\Urlmuskip=\muskip11
Package: url 2013/09/16  ver 3.4  Verb mode for urls, etc.
))
(/usr/share/texlive/texmf-dist/tex/latex/multirow/multirow.sty
\bigstrutjot=\dimen139
)
(/usr/share/texlive/texmf-dist/tex/latex/oberdiek/pdflscape.sty
Package: pdflscape 2008/08/11 v0.10 Display of landscape pages in PDF (HO)

(/usr/share/texlive/texmf-dist/tex/latex/graphics/lscape.sty
Package: lscape 2000/10/22 v3.01 Landscape Pages (DPC)
)
Package pdflscape Info: Auto-detected driver: pdftex on input line 80.
)
(/usr/share/texlive/texmf-dist/tex/latex/adjustbox/adjustbox.sty
Package: adjustbox 2012/05/21 v1.0 Adjusting TeX boxes (trim, clip, ...)

(/usr/share/texlive/texmf-dist/tex/latex/xkeyval/xkeyval.sty
Package: xkeyval 2014/12/03 v2.7a package option processing (HA)

(/usr/share/texlive/texmf-dist/tex/generic/xkeyval/xkeyval.tex
(/usr/share/texlive/texmf-dist/tex/generic/xkeyval/xkvutils.tex
\XKV@toks=\toks29
\XKV@tempa@toks=\toks30
)
\XKV@depth=\count120
File: xkeyval.tex 2014/12/03 v2.7a key=value parser (HA)
))
(/usr/share/texlive/texmf-dist/tex/latex/adjustbox/adjcalc.sty
Package: adjcalc 2012/05/16 v1.1 Provides advanced setlength with multiple back
-ends (calc, etex, pgfmath)
)
(/usr/share/texlive/texmf-dist/tex/latex/adjustbox/trimclip.sty
Package: trimclip 2012/05/16 v1.0 Trim and clip general TeX material

(/usr/share/texlive/texmf-dist/tex/latex/collectbox/collectbox.sty
Package: collectbox 2012/05/17 v0.4b Collect macro arguments as boxes
\collectedbox=\box57
)
\tc@llx=\dimen140
\tc@lly=\dimen141
\tc@urx=\dimen142
\tc@ury=\dimen143
Package trimclip Info: Using driver 'tc-pdftex.def'.

(/usr/share/texlive/texmf-dist/tex/latex/adjustbox/tc-pdftex.def
File: tc-pdftex.def 2012/05/13 v1.0 Clipping driver for pdftex
))
\adjbox@Width=\dimen144
\adjbox@Height=\dimen145
\adjbox@Depth=\dimen146
\adjbox@Totalheight=\dimen147

(/usr/share/texlive/texmf-dist/tex/latex/ifoddpage/ifoddpage.sty
Package: ifoddpage 2011/09/13 v1.0 Conditionals for odd/even page detection
\c@checkoddpage=\count121
)
(/usr/share/texlive/texmf-dist/tex/latex/varwidth/varwidth.sty
Package: varwidth 2009/03/30 ver 0.92;  Variable-width minipages
\@vwid@box=\box58
\sift@deathcycles=\count122
\@vwid@loff=\dimen148
\@vwid@roff=\dimen149
))
(/usr/share/texlive/texmf-dist/tex/latex/stackengine/stackengine.sty
Package: stackengine 2014/01/06 v3.24\ Stacking text and objects in convenient 
ways

(/usr/share/texlive/texmf-dist/tex/latex/etoolbox/etoolbox.sty
Package: etoolbox 2015/08/02 v2.2a e-TeX tools for LaTeX (JAW)
\etb@tempcnta=\count123
)
(/usr/share/texlive/texmf-dist/tex/latex/tools/calc.sty
Package: calc 2014/10/28 v4.3 Infix arithmetic (KKT,FJ)
\calc@Acount=\count124
\calc@Bcount=\count125
\calc@Adimen=\dimen150
\calc@Bdimen=\dimen151
\calc@Askip=\skip58
\calc@Bskip=\skip59
LaTeX Info: Redefining \setlength on input line 80.
LaTeX Info: Redefining \addtolength on input line 81.
\calc@Ccount=\count126
\calc@Cskip=\skip60
)
\c@@stackindex=\count127
\@boxshift=\skip61
\stack@tmplength=\skip62
\temp@stkl=\skip63
\@stackedboxwidth=\skip64
\@addedbox=\box59
\@anchorbox=\box60
\stackedbox=\box61
\@centerbox=\box62
\c@ROWcellindex@=\count128
) (./MSE_MAR_18.aux

LaTeX Warning: Label `t:pricing' multiply defined.

)
\openout1 = `MSE_MAR_18.aux'.

LaTeX Font Info:    Checking defaults for OML/cmm/m/it on input line 14.
LaTeX Font Info:    ... okay on input line 14.
LaTeX Font Info:    Checking defaults for T1/cmr/m/n on input line 14.
LaTeX Font Info:    ... okay on input line 14.
LaTeX Font Info:    Checking defaults for OT1/cmr/m/n on input line 14.
LaTeX Font Info:    ... okay on input line 14.
LaTeX Font Info:    Checking defaults for OMS/cmsy/m/n on input line 14.
LaTeX Font Info:    ... okay on input line 14.
LaTeX Font Info:    Checking defaults for OMX/cmex/m/n on input line 14.
LaTeX Font Info:    ... okay on input line 14.
LaTeX Font Info:    Checking defaults for U/cmr/m/n on input line 14.
LaTeX Font Info:    ... okay on input line 14.
 (/usr/share/texlive/texmf-dist/tex/context/base/supp-pdf.mkii
[Loading MPS to PDF converter (version 2006.09.02).]
\scratchcounter=\count129
\scratchdimen=\dimen152
\scratchbox=\box63
\nofMPsegments=\count130
\nofMParguments=\count131
\everyMPshowfont=\toks31
\MPscratchCnt=\count132
\MPscratchDim=\dimen153
\MPnumerator=\count133
\makeMPintoPDFobject=\count134
\everyMPtoPDFconversion=\toks32
) (/usr/share/texlive/texmf-dist/tex/generic/oberdiek/pdftexcmds.sty
Package: pdftexcmds 2011/11/29 v0.20 Utility functions of pdfTeX for LuaTeX (HO
)

(/usr/share/texlive/texmf-dist/tex/generic/oberdiek/ifluatex.sty
Package: ifluatex 2010/03/01 v1.3 Provides the ifluatex switch (HO)
Package ifluatex Info: LuaTeX not detected.
)
Package pdftexcmds Info: LuaTeX not detected.
Package pdftexcmds Info: \pdf@primitive is available.
Package pdftexcmds Info: \pdf@ifprimitive is available.
Package pdftexcmds Info: \pdfdraftmode found.
)
(/usr/share/texlive/texmf-dist/tex/latex/oberdiek/epstopdf-base.sty
Package: epstopdf-base 2010/02/09 v2.5 Base part for package epstopdf

(/usr/share/texlive/texmf-dist/tex/latex/oberdiek/grfext.sty
Package: grfext 2010/08/19 v1.1 Manage graphics extensions (HO)

(/usr/share/texlive/texmf-dist/tex/generic/oberdiek/kvdefinekeys.sty
Package: kvdefinekeys 2011/04/07 v1.3 Define keys (HO)
))
(/usr/share/texlive/texmf-dist/tex/latex/oberdiek/kvoptions.sty
Package: kvoptions 2011/06/30 v3.11 Key value format for package options (HO)

(/usr/share/texlive/texmf-dist/tex/generic/oberdiek/kvsetkeys.sty
Package: kvsetkeys 2012/04/25 v1.16 Key value parser (HO)

(/usr/share/texlive/texmf-dist/tex/generic/oberdiek/etexcmds.sty
Package: etexcmds 2011/02/16 v1.5 Avoid name clashes with e-TeX commands (HO)
Package etexcmds Info: Could not find \expanded.
(etexcmds)             That can mean that you are not using pdfTeX 1.50 or
(etexcmds)             that some package has redefined \expanded.
(etexcmds)             In the latter case, load this package earlier.
)))
Package grfext Info: Graphics extension search list:
(grfext)             [.png,.pdf,.jpg,.mps,.jpeg,.jbig2,.jb2,.PNG,.PDF,.JPG,.JPE
G,.JBIG2,.JB2,.eps]
(grfext)             \AppendGraphicsExtensions on input line 452.

(/usr/share/texlive/texmf-dist/tex/latex/latexconfig/epstopdf-sys.cfg
File: epstopdf-sys.cfg 2010/07/13 v1.3 Configuration of (r)epstopdf for TeX Liv
e
))
*geometry* driver: auto-detecting
*geometry* detected driver: pdftex
*geometry* verbose mode - [ preamble ] result:
* driver: pdftex
* paper: a4paper
* layout: <same size as paper>
* layoutoffset:(h,v)=(0.0pt,0.0pt)
* modes: 
* h-part:(L,W,R)=(72.26999pt, 452.9679pt, 72.26999pt)
* v-part:(T,H,B)=(72.26999pt, 700.50687pt, 72.26999pt)
* \paperwidth=597.50787pt
* \paperheight=845.04684pt
* \textwidth=452.9679pt
* \textheight=700.50687pt
* \oddsidemargin=0.0pt
* \evensidemargin=0.0pt
* \topmargin=-37.0pt
* \headheight=12.0pt
* \headsep=25.0pt
* \topskip=12.0pt
* \footskip=30.0pt
* \marginparwidth=35.0pt
* \marginparsep=10.0pt
* \columnsep=12.0pt
* \skip\footins=10.8pt plus 4.0pt minus 2.0pt
* \hoffset=0.0pt
* \voffset=0.0pt
* \mag=1000
* \@twocolumnfalse
* \@twosidefalse
* \@mparswitchfalse
* \@reversemarginfalse
* (1in=72.27pt=25.4mm, 1cm=28.453pt)

[1


{/var/lib/texmf/fonts/map/pdftex/updmap/pdftex.map}] [2] [3] [4]
Package epstopdf Info: Source file: <Figures/MSE.eps>
(epstopdf)                    date: 2017-12-12 09:13:20
(epstopdf)                    size: 294675 bytes
(epstopdf)             Output file: <Figures/MSE-eps-converted-to.pdf>
(epstopdf)                    date: 2017-12-19 13:11:27
(epstopdf)                    size: 94694 bytes
(epstopdf)             Command: <repstopdf --outfile=Figures/MSE-eps-converted-
to.pdf Figures/MSE.eps>
(epstopdf)             \includegraphics on input line 65.
Package epstopdf Info: Output file is already uptodate.

<Figures/MSE-eps-converted-to.pdf, id=20, 776.9025pt x 584.1825pt>
File: Figures/MSE-eps-converted-to.pdf Graphic file (type pdf)

<use Figures/MSE-eps-converted-to.pdf>
Package pdftex.def Info: Figures/MSE-eps-converted-to.pdf used on input line 65
.
(pdftex.def)             Requested size: 317.07614pt x 238.42888pt.
Package epstopdf Info: Source file: <Figures/Areadynamics.eps>
(epstopdf)                    date: 2017-12-12 11:17:54
(epstopdf)                    size: 1088741 bytes
(epstopdf)             Output file: <Figures/Areadynamics-eps-converted-to.pdf>

(epstopdf)                    date: 2017-12-19 13:11:28
(epstopdf)                    size: 627039 bytes
(epstopdf)             Command: <repstopdf --outfile=Figures/Areadynamics-eps-c
onverted-to.pdf Figures/Areadynamics.eps>
(epstopdf)             \includegraphics on input line 71.
Package epstopdf Info: Output file is already uptodate.

<Figures/Areadynamics-eps-converted-to.pdf, id=21, 794.97pt x 614.295pt>
File: Figures/Areadynamics-eps-converted-to.pdf Graphic file (type pdf)

<use Figures/Areadynamics-eps-converted-to.pdf>
Package pdftex.def Info: Figures/Areadynamics-eps-converted-to.pdf used on inpu
t line 71.
(pdftex.def)             Requested size: 271.7835pt x 210.01982pt.
LaTeX Font Info:    Try loading font information for U+msa on input line 79.

(/usr/share/texlive/texmf-dist/tex/latex/amsfonts/umsa.fd
File: umsa.fd 2013/01/14 v3.01 AMS symbols A
)
LaTeX Font Info:    Try loading font information for U+msb on input line 79.

(/usr/share/texlive/texmf-dist/tex/latex/amsfonts/umsb.fd
File: umsb.fd 2013/01/14 v3.01 AMS symbols B
)
LaTeX Font Info:    Try loading font information for U+lasy on input line 79.

(/usr/share/texlive/texmf-dist/tex/latex/base/ulasy.fd
File: ulasy.fd 1998/08/17 v2.2e LaTeX symbol font definitions
) [5 <./Figures/MSE-eps-converted-to.pdf> <./Figures/Areadynamics-eps-converted
-to.pdf>] [6] [7]
Missing character: There is no ‚ in font cmr12!
Missing character: There is no Ä in font cmr12!
Missing character: There is no ú in font cmr12!
Missing character: There is no ‚ in font cmr12!
Missing character: There is no Ä in font cmr12!
Missing character: There is no ù in font cmr12!

[8]

LaTeX Warning: `!h' float specifier changed to `!ht'.

[9]

LaTeX Warning: `!h' float specifier changed to `!ht'.

[10] [11] [12]
Package epstopdf Info: Source file: <Figures/figurecatches.eps>
(epstopdf)                    date: 2018-04-16 20:27:33
(epstopdf)                    size: 1174189 bytes
(epstopdf)             Output file: <Figures/figurecatches-eps-converted-to.pdf
>
(epstopdf)                    date: 2018-04-16 20:42:11
(epstopdf)                    size: 926906 bytes
(epstopdf)             Command: <repstopdf --outfile=Figures/figurecatches-eps-
converted-to.pdf Figures/figurecatches.eps>
(epstopdf)             \includegraphics on input line 322.
Package epstopdf Info: Output file is already uptodate.

<Figures/figurecatches-eps-converted-to.pdf, id=61, 570.13pt x 544.0325pt>
File: Figures/figurecatches-eps-converted-to.pdf Graphic file (type pdf)

<use Figures/figurecatches-eps-converted-to.pdf>
Package pdftex.def Info: Figures/figurecatches-eps-converted-to.pdf used on inp
ut line 322.
(pdftex.def)             Requested size: 312.54895pt x 298.23924pt.
Package epstopdf Info: Source file: <Figures/figurecatches2.eps>
(epstopdf)                    date: 2018-04-16 20:47:49
(epstopdf)                    size: 1174192 bytes
(epstopdf)             Output file: <Figures/figurecatches2-eps-converted-to.pd
f>
(epstopdf)                    date: 2018-04-16 20:50:22
(epstopdf)                    size: 926912 bytes
(epstopdf)             Command: <repstopdf --outfile=Figures/figurecatches2-eps
-converted-to.pdf Figures/figurecatches2.eps>
(epstopdf)             \includegraphics on input line 328.
Package epstopdf Info: Output file is already uptodate.

<Figures/figurecatches2-eps-converted-to.pdf, id=62, 393.47pt x 376.40625pt>
File: Figures/figurecatches2-eps-converted-to.pdf Graphic file (type pdf)

<use Figures/figurecatches2-eps-converted-to.pdf>
Package pdftex.def Info: Figures/figurecatches2-eps-converted-to.pdf used on in
put line 328.
(pdftex.def)             Requested size: 312.54895pt x 298.99457pt.
Package epstopdf Info: Source file: <Figures/figureffort.eps>
(epstopdf)                    date: 2018-04-16 20:49:46
(epstopdf)                    size: 1876005 bytes
(epstopdf)             Output file: <Figures/figureffort-eps-converted-to.pdf>
(epstopdf)                    date: 2018-04-16 20:50:24
(epstopdf)                    size: 1413683 bytes
(epstopdf)             Command: <repstopdf --outfile=Figures/figureffort-eps-co
nverted-to.pdf Figures/figureffort.eps>
(epstopdf)             \includegraphics on input line 334.
Package epstopdf Info: Output file is already uptodate.

<Figures/figureffort-eps-converted-to.pdf, id=63, 404.51125pt x 383.4325pt>
File: Figures/figureffort-eps-converted-to.pdf Graphic file (type pdf)

<use Figures/figureffort-eps-converted-to.pdf>
Package pdftex.def Info: Figures/figureffort-eps-converted-to.pdf used on input
 line 334.
(pdftex.def)             Requested size: 371.43698pt x 352.08936pt.
Package epstopdf Info: Source file: <Figures/figurerevenue.eps>
(epstopdf)                    date: 2018-04-16 20:52:36
(epstopdf)                    size: 701797 bytes
(epstopdf)             Output file: <Figures/figurerevenue-eps-converted-to.pdf
>
(epstopdf)                    date: 2018-04-16 20:53:07
(epstopdf)                    size: 468080 bytes
(epstopdf)             Command: <repstopdf --outfile=Figures/figurerevenue-eps-
converted-to.pdf Figures/figurerevenue.eps>
(epstopdf)             \includegraphics on input line 340.
Package epstopdf Info: Output file is already uptodate.

<Figures/figurerevenue-eps-converted-to.pdf, id=64, 481.8pt x 232.87pt>
File: Figures/figurerevenue-eps-converted-to.pdf Graphic file (type pdf)

<use Figures/figurerevenue-eps-converted-to.pdf>
Package pdftex.def Info: Figures/figurerevenue-eps-converted-to.pdf used on inp
ut line 340.
(pdftex.def)             Requested size: 452.9679pt x 218.94044pt.
 [13]

LaTeX Warning: Text page 14 contains only floats.


Overfull \vbox (2.22694pt too high) has occurred while \output is active []


[14 <./Figures/figurecatches-eps-converted-to.pdf> <./Figures/figurecatches2-ep
s-converted-to.pdf>]
Overfull \vbox (21.40125pt too high) has occurred while \output is active []


[15 <./Figures/figureffort-eps-converted-to.pdf> <./Figures/figurerevenue-eps-c
onverted-to.pdf>]
Missing character: There is no ‚ in font cmr12!
Missing character: There is no Ä in font cmr12!
Missing character: There is no ô in font cmr12!
 [16] [17] (./MSE_MAR_18.bbl [18] [19]) [20] [21]
! Missing \endcsname inserted.
<to be read again> 
                   \textwidth 
l.414 ...5\textwidth]{Figures/Catch_scenarioI.eps}
                                                  
? 

! Package xkeyval Error: `.45\textwidth ' undefined in families `Gin'.

See the xkeyval package documentation for explanation.
Type  H <return>  for immediate help.
 ...                                              
                                                  
l.414 ...5\textwidth]{Figures/Catch_scenarioI.eps}
                                                  
? 
Package epstopdf Info: Source file: <Figures/Catch_scenarioI.eps>
(epstopdf)                    date: 2018-03-27 15:07:03
(epstopdf)                    size: 1174074 bytes
(epstopdf)             Output file: <Figures/Catch_scenarioI-eps-converted-to.p
df>
(epstopdf)                    date: 2018-04-16 20:11:00
(epstopdf)                    size: 702425 bytes
(epstopdf)             Command: <repstopdf --outfile=Figures/Catch_scenarioI-ep
s-converted-to.pdf Figures/Catch_scenarioI.eps>
(epstopdf)             \includegraphics on input line 414.
Package epstopdf Info: Output file is already uptodate.

<Figures/Catch_scenarioI-eps-converted-to.pdf, id=107, 569.12625pt x 228.855pt>
File: Figures/Catch_scenarioI-eps-converted-to.pdf Graphic file (type pdf)
<use Figures/Catch_scenarioI-eps-converted-to.pdf>
Package pdftex.def Info: Figures/Catch_scenarioI-eps-converted-to.pdf used on i
nput line 414.
(pdftex.def)             Requested size: 569.12486pt x 228.85443pt.

! Missing \endcsname inserted.
<to be read again> 
                   \textwidth 
l.415 ...\textwidth]{Figures/Effort_scenarioI.eps}
                                                  
? 

! Package xkeyval Error: `.45\textwidth ' undefined in families `Gin'.

See the xkeyval package documentation for explanation.
Type  H <return>  for immediate help.
 ...                                              
                                                  
l.415 ...\textwidth]{Figures/Effort_scenarioI.eps}
                                                  
? 
Package epstopdf Info: Source file: <Figures/Effort_scenarioI.eps>
(epstopdf)                    date: 2018-03-27 15:06:02
(epstopdf)                    size: 701673 bytes
(epstopdf)             Output file: <Figures/Effort_scenarioI-eps-converted-to.
pdf>
(epstopdf)                    date: 2018-04-16 20:11:01
(epstopdf)                    size: 429803 bytes
(epstopdf)             Command: <repstopdf --outfile=Figures/Effort_scenarioI-e
ps-converted-to.pdf Figures/Effort_scenarioI.eps>
(epstopdf)             \includegraphics on input line 415.
Package epstopdf Info: Output file is already uptodate.

<Figures/Effort_scenarioI-eps-converted-to.pdf, id=108, 569.12625pt x 228.855pt
>
File: Figures/Effort_scenarioI-eps-converted-to.pdf Graphic file (type pdf)
 <use Figures/Effort_scenarioI-eps-converted-to.pdf>
Package pdftex.def Info: Figures/Effort_scenarioI-eps-converted-to.pdf used on 
input line 415.
(pdftex.def)             Requested size: 569.12486pt x 228.85443pt.


LaTeX Warning: Float too large for page by 33.24097pt on input line 417.


LaTeX Warning: `!h' float specifier changed to `!ht'.

[22 <./Figures/Catch_scenarioI-eps-converted-to.pdf> <./Figures/Effort_scenario
I-eps-converted-to.pdf>]
! Missing \endcsname inserted.
<to be read again> 
                   \textwidth 
l.424 ...\textwidth]{Figures/Catch_scenarioII.eps}
                                                  
? 

! Package xkeyval Error: `.45\textwidth ' undefined in families `Gin'.

See the xkeyval package documentation for explanation.
Type  H <return>  for immediate help.
 ...                                              
                                                  
l.424 ...\textwidth]{Figures/Catch_scenarioII.eps}
                                                  
? 
Package epstopdf Info: Source file: <Figures/Catch_scenarioII.eps>
(epstopdf)                    date: 2018-04-16 20:10:04
(epstopdf)                    size: 1149090 bytes
(epstopdf)             Output file: <Figures/Catch_scenarioII-eps-converted-to.
pdf>
(epstopdf)                    date: 2018-04-16 20:11:03
(epstopdf)                    size: 683655 bytes
(epstopdf)             Command: <repstopdf --outfile=Figures/Catch_scenarioII-e
ps-converted-to.pdf Figures/Catch_scenarioII.eps>
(epstopdf)             \includegraphics on input line 424.
Package epstopdf Info: Output file is already uptodate.

<Figures/Catch_scenarioII-eps-converted-to.pdf, id=118, 569.12625pt x 228.855pt
>
File: Figures/Catch_scenarioII-eps-converted-to.pdf Graphic file (type pdf)
 <use Figures/Catch_scenarioII-eps-converted-to.pdf>
Package pdftex.def Info: Figures/Catch_scenarioII-eps-converted-to.pdf used on 
input line 424.
(pdftex.def)             Requested size: 569.12486pt x 228.85443pt.

! Missing \endcsname inserted.
<to be read again> 
                   \textwidth 
l.425 ...textwidth]{Figures/Effort_scenarioII.eps}
                                                  
? 

! Package xkeyval Error: `.45\textwidth ' undefined in families `Gin'.

See the xkeyval package documentation for explanation.
Type  H <return>  for immediate help.
 ...                                              
                                                  
l.425 ...textwidth]{Figures/Effort_scenarioII.eps}
                                                  
? 
Package epstopdf Info: Source file: <Figures/Effort_scenarioII.eps>
(epstopdf)                    date: 2018-04-16 20:05:35
(epstopdf)                    size: 699544 bytes
(epstopdf)             Output file: <Figures/Effort_scenarioII-eps-converted-to
.pdf>
(epstopdf)                    date: 2018-04-16 20:11:03
(epstopdf)                    size: 427107 bytes
(epstopdf)             Command: <repstopdf --outfile=Figures/Effort_scenarioII-
eps-converted-to.pdf Figures/Effort_scenarioII.eps>
(epstopdf)             \includegraphics on input line 425.
Package epstopdf Info: Output file is already uptodate.

<Figures/Effort_scenarioII-eps-converted-to.pdf, id=119, 569.12625pt x 228.855p
t>
File: Figures/Effort_scenarioII-eps-converted-to.pdf Graphic file (type pdf)
 <use Figures/Effort_scenarioII-eps-converted-to.pdf>
Package pdftex.def Info: Figures/Effort_scenarioII-eps-converted-to.pdf used on
 input line 425.
(pdftex.def)             Requested size: 569.12486pt x 228.85443pt.


LaTeX Warning: Float too large for page by 33.24097pt on input line 427.


LaTeX Warning: `!h' float specifier changed to `!ht'.

[23 <./Figures/Catch_scenarioII-eps-converted-to.pdf> <./Figures/Effort_scenari
oII-eps-converted-to.pdf>]
! Missing \endcsname inserted.
<to be read again> 
                   \textwidth 
l.434 ...textwidth]{Figures/Catch_scenarioIII.eps}
                                                  
? 

! Package xkeyval Error: `.45\textwidth ' undefined in families `Gin'.

See the xkeyval package documentation for explanation.
Type  H <return>  for immediate help.
 ...                                              
                                                  
l.434 ...textwidth]{Figures/Catch_scenarioIII.eps}
                                                  
? 
Package epstopdf Info: Source file: <Figures/Catch_scenarioIII.eps>
(epstopdf)                    date: 2018-03-27 15:08:55
(epstopdf)                    size: 1113106 bytes
(epstopdf)             Output file: <Figures/Catch_scenarioIII-eps-converted-to
.pdf>
(epstopdf)                    date: 2018-04-16 20:11:05
(epstopdf)                    size: 655721 bytes
(epstopdf)             Command: <repstopdf --outfile=Figures/Catch_scenarioIII-
eps-converted-to.pdf Figures/Catch_scenarioIII.eps>
(epstopdf)             \includegraphics on input line 434.
Package epstopdf Info: Output file is already uptodate.

<Figures/Catch_scenarioIII-eps-converted-to.pdf, id=129, 569.12625pt x 228.855p
t>
File: Figures/Catch_scenarioIII-eps-converted-to.pdf Graphic file (type pdf)
 <use Figures/Catch_scenarioIII-eps-converted-to.pdf>
Package pdftex.def Info: Figures/Catch_scenarioIII-eps-converted-to.pdf used on
 input line 434.
(pdftex.def)             Requested size: 569.12486pt x 228.85443pt.

! Missing \endcsname inserted.
<to be read again> 
                   \textwidth 
l.435 ...extwidth]{Figures/Effort_scenarioIII.eps}
                                                  
? 

! Package xkeyval Error: `.45\textwidth ' undefined in families `Gin'.

See the xkeyval package documentation for explanation.
Type  H <return>  for immediate help.
 ...                                              
                                                  
l.435 ...extwidth]{Figures/Effort_scenarioIII.eps}
                                                  
? 
Package epstopdf Info: Source file: <Figures/Effort_scenarioIII.eps>
(epstopdf)                    date: 2018-03-27 15:08:07
(epstopdf)                    size: 675109 bytes
(epstopdf)             Output file: <Figures/Effort_scenarioIII-eps-converted-t
o.pdf>
(epstopdf)                    date: 2018-04-16 20:11:06
(epstopdf)                    size: 373357 bytes
(epstopdf)             Command: <repstopdf --outfile=Figures/Effort_scenarioIII
-eps-converted-to.pdf Figures/Effort_scenarioIII.eps>
(epstopdf)             \includegraphics on input line 435.
Package epstopdf Info: Output file is already uptodate.

<Figures/Effort_scenarioIII-eps-converted-to.pdf, id=130, 569.12625pt x 228.855
pt>
File: Figures/Effort_scenarioIII-eps-converted-to.pdf Graphic file (type pdf)
 <use Figures/Effort_scenarioIII-eps-converted-to.pdf>
Package pdftex.def Info: Figures/Effort_scenarioIII-eps-converted-to.pdf used o
n input line 435.
(pdftex.def)             Requested size: 569.12486pt x 228.85443pt.


LaTeX Warning: Float too large for page by 33.24097pt on input line 437.


LaTeX Warning: `!h' float specifier changed to `!ht'.

[24 <./Figures/Catch_scenarioIII-eps-converted-to.pdf> <./Figures/Effort_scenar
ioIII-eps-converted-to.pdf>]
! Missing \endcsname inserted.
<to be read again> 
                   \textwidth 
l.444 ...\textwidth]{Figures/Catch_scenarioIV.eps}
                                                  
? 

! Package xkeyval Error: `.45\textwidth ' undefined in families `Gin'.

See the xkeyval package documentation for explanation.
Type  H <return>  for immediate help.
 ...                                              
                                                  
l.444 ...\textwidth]{Figures/Catch_scenarioIV.eps}
                                                  
? 
Package epstopdf Info: Source file: <Figures/Catch_scenarioIV.eps>
(epstopdf)                    date: 2018-04-16 20:09:21
(epstopdf)                    size: 1077305 bytes
(epstopdf)             Output file: <Figures/Catch_scenarioIV-eps-converted-to.
pdf>
(epstopdf)                    date: 2018-04-16 20:11:07
(epstopdf)                    size: 625630 bytes
(epstopdf)             Command: <repstopdf --outfile=Figures/Catch_scenarioIV-e
ps-converted-to.pdf Figures/Catch_scenarioIV.eps>
(epstopdf)             \includegraphics on input line 444.
Package epstopdf Info: Output file is already uptodate.

<Figures/Catch_scenarioIV-eps-converted-to.pdf, id=140, 569.12625pt x 228.855pt
>
File: Figures/Catch_scenarioIV-eps-converted-to.pdf Graphic file (type pdf)
 <use Figures/Catch_scenarioIV-eps-converted-to.pdf>
Package pdftex.def Info: Figures/Catch_scenarioIV-eps-converted-to.pdf used on 
input line 444.
(pdftex.def)             Requested size: 569.12486pt x 228.85443pt.

! Missing \endcsname inserted.
<to be read again> 
                   \textwidth 
l.445 ...textwidth]{Figures/Effort_scenarioIV.eps}
                                                  
? 

! Package xkeyval Error: `.45\textwidth ' undefined in families `Gin'.

See the xkeyval package documentation for explanation.
Type  H <return>  for immediate help.
 ...                                              
                                                  
l.445 ...textwidth]{Figures/Effort_scenarioIV.eps}
                                                  
? 
Package epstopdf Info: Source file: <Figures/Effort_scenarioIV.eps>
(epstopdf)                    date: 2018-04-16 20:03:31
(epstopdf)                    size: 664676 bytes
(epstopdf)             Output file: <Figures/Effort_scenarioIV-eps-converted-to
.pdf>
(epstopdf)                    date: 2018-04-16 20:11:08
(epstopdf)                    size: 368329 bytes
(epstopdf)             Command: <repstopdf --outfile=Figures/Effort_scenarioIV-
eps-converted-to.pdf Figures/Effort_scenarioIV.eps>
(epstopdf)             \includegraphics on input line 445.
Package epstopdf Info: Output file is already uptodate.

<Figures/Effort_scenarioIV-eps-converted-to.pdf, id=141, 569.12625pt x 228.855p
t>
File: Figures/Effort_scenarioIV-eps-converted-to.pdf Graphic file (type pdf)
 <use Figures/Effort_scenarioIV-eps-converted-to.pdf>
Package pdftex.def Info: Figures/Effort_scenarioIV-eps-converted-to.pdf used on
 input line 445.
(pdftex.def)             Requested size: 569.12486pt x 228.85443pt.


LaTeX Warning: Float too large for page by 33.24097pt on input line 447.


LaTeX Warning: `!h' float specifier changed to `!ht'.

[25 <./Figures/Catch_scenarioIV-eps-converted-to.pdf> <./Figures/Effort_scenari
oIV-eps-converted-to.pdf>] (./MSE_MAR_18.aux)

LaTeX Warning: There were multiply-defined labels.

 ) 
Here is how much of TeX's memory you used:
 5050 strings out of 493029
 72071 string characters out of 6136234
 149722 words of memory out of 5000000
 8416 multiletter control sequences out of 15000+600000
 11684 words of font info for 45 fonts, out of 8000000 for 9000
 1141 hyphenation exceptions out of 8191
 38i,14n,35p,1404b,302s stack positions out of 5000i,500n,10000p,200000b,80000s
</usr/share/texlive/texmf-dist/fonts/type1/public/amsfonts/cm/cmbx10.pfb></us
r/share/texlive/texmf-dist/fonts/type1/public/amsfonts/cm/cmbx12.pfb></usr/shar
e/texlive/texmf-dist/fonts/type1/public/amsfonts/cm/cmbx8.pfb></usr/share/texli
ve/texmf-dist/fonts/type1/public/amsfonts/cm/cmex10.pfb></usr/share/texlive/tex
mf-dist/fonts/type1/public/amsfonts/cm/cmmi12.pfb></usr/share/texlive/texmf-dis
t/fonts/type1/public/amsfonts/cm/cmmi6.pfb></usr/share/texlive/texmf-dist/fonts
/type1/public/amsfonts/cm/cmmi8.pfb></usr/share/texlive/texmf-dist/fonts/type1/
public/amsfonts/cm/cmr10.pfb></usr/share/texlive/texmf-dist/fonts/type1/public/
amsfonts/cm/cmr12.pfb></usr/share/texlive/texmf-dist/fonts/type1/public/amsfont
s/cm/cmr17.pfb></usr/share/texlive/texmf-dist/fonts/type1/public/amsfonts/cm/cm
r8.pfb></usr/share/texlive/texmf-dist/fonts/type1/public/amsfonts/cm/cmsy10.pfb
></usr/share/texlive/texmf-dist/fonts/type1/public/amsfonts/cm/cmsy8.pfb></usr/
share/texlive/texmf-dist/fonts/type1/public/amsfonts/cm/cmti12.pfb>
Output written on MSE_MAR_18.pdf (25 pages, 8905994 bytes).
PDF statistics:
 198 PDF objects out of 1000 (max. 8388607)
 127 compressed objects within 2 object streams
 0 named destinations out of 1000 (max. 500000)
 71 words of extra memory for PDF output out of 10000 (max. 10000000)

